<?xml version="1.0" encoding="UTF-8"?>
<!-- Generated by org.testng.reporters.JUnitReportReporter -->
<testsuite name="demowebDriver.LoginMercury" tests="1" time="14.269" ignored="0" failures="0" timestamp="23 Sep 2019 05:50:14 GMT" skipped="0" hostname="P3A-HR4WXJ2" errors="0">
  <testcase name="f" time="14.269" classname="demowebDriver.LoginMercury"/>
</testsuite> <!-- demowebDriver.LoginMercury -->
