<?xml version="1.0" encoding="UTF-8"?>
<!-- Generated by org.testng.reporters.JUnitReportReporter -->
<testsuite name="demowebDriver.DemoMouseAction" tests="1" time="2.447" ignored="0" failures="0" timestamp="26 Sep 2019 04:36:11 GMT" skipped="0" hostname="P3A-HR4WXJ2" errors="0">
  <testcase name="f" time="2.447" classname="demowebDriver.DemoMouseAction"/>
</testsuite> <!-- demowebDriver.DemoMouseAction -->
