<?xml version="1.0" encoding="UTF-8"?>
<!-- Generated by org.testng.reporters.JUnitReportReporter -->
<testsuite name="testingFeatures.OpenMercury" tests="1" time="9.226" ignored="1" failures="0" timestamp="23 Sep 2019 04:38:22 GMT" skipped="0" hostname="P3A-HR4WXJ2" errors="0">
  <testcase name="f" time="9.226" classname="testingFeatures.OpenMercury"/>
  <testcase name="bookFlight" classname="testingFeatures.MercuryApplication">
    <skipped/>
  </testcase> <!-- bookFlight -->
</testsuite> <!-- testingFeatures.OpenMercury -->
