<?xml version="1.0" encoding="UTF-8"?>
<!-- Generated by org.testng.reporters.JUnitReportReporter -->
<testsuite name="demowebDriver.DemoNavigation" tests="1" time="20.168" ignored="0" failures="0" timestamp="23 Sep 2019 09:28:59 GMT" skipped="0" hostname="P3A-HR4WXJ2" errors="0">
  <testcase name="f" time="20.168" classname="demowebDriver.DemoNavigation"/>
</testsuite> <!-- demowebDriver.DemoNavigation -->
