<?xml version="1.0" encoding="UTF-8"?>
<!-- Generated by org.testng.reporters.JUnitReportReporter -->
<testsuite name="testingFeatures.MercuryApplication" tests="6" time="0.007" ignored="1" failures="0" timestamp="23 Sep 2019 04:38:22 GMT" skipped="0" hostname="P3A-HR4WXJ2" errors="0">
  <testcase name="close" time="0.001" classname="testingFeatures.MercuryApplication"/>
  <testcase name="searchFlight" time="0.001" classname="testingFeatures.MercuryApplication"/>
  <testcase name="openURL" time="0.001" classname="testingFeatures.MercuryApplication"/>
  <testcase name="openBrowser" time="0.002" classname="testingFeatures.MercuryApplication"/>
  <testcase name="logout" time="0.001" classname="testingFeatures.MercuryApplication"/>
  <testcase name="Login" time="0.001" classname="testingFeatures.MercuryApplication"/>
  <testcase name="bookFlight" classname="testingFeatures.MercuryApplication">
    <skipped/>
  </testcase> <!-- bookFlight -->
</testsuite> <!-- testingFeatures.MercuryApplication -->
