<?xml version="1.0" encoding="UTF-8"?>
<!-- Generated by org.testng.reporters.JUnitReportReporter -->
<testsuite name="demowebDriver.DemoAlert" tests="1" time="6.403" ignored="0" failures="0" timestamp="23 Sep 2019 10:06:56 GMT" skipped="0" hostname="P3A-HR4WXJ2" errors="0">
  <testcase name="f" time="6.403" classname="demowebDriver.DemoAlert"/>
</testsuite> <!-- demowebDriver.DemoAlert -->
