<?xml version="1.0" encoding="UTF-8"?>
<!-- Generated by org.testng.reporters.JUnitReportReporter -->
<testsuite name="demowebDriver.demoWikipedia" tests="1" time="4.548" ignored="0" failures="0" timestamp="23 Sep 2019 09:17:33 GMT" skipped="0" hostname="P3A-HR4WXJ2" errors="0">
  <testcase name="f" time="4.548" classname="demowebDriver.demoWikipedia"/>
</testsuite> <!-- demowebDriver.demoWikipedia -->
