<?xml version="1.0" encoding="UTF-8"?>
<!-- Generated by org.testng.reporters.JUnitReportReporter -->
<testsuite name="createworkbook.ReadWorkBook" tests="1" time="0.621" ignored="0" failures="0" timestamp="24 Sep 2019 07:25:32 GMT" skipped="0" hostname="P3A-HR4WXJ2" errors="0">
  <testcase name="f" time="0.621" classname="createworkbook.ReadWorkBook"/>
</testsuite> <!-- createworkbook.ReadWorkBook -->
