<?xml version="1.0" encoding="UTF-8"?>
<!-- Generated by org.testng.reporters.JUnitReportReporter -->
<testsuite name="createworkbook.MercuryLoginExcel" tests="3" time="38.337" ignored="0" failures="0" timestamp="24 Sep 2019 10:19:21 GMT" skipped="0" hostname="P3A-HR4WXJ2" errors="0">
  <testcase name="f" time="19.693" classname="createworkbook.MercuryLoginExcel"/>
  <testcase name="f" time="7.310" classname="createworkbook.MercuryLoginExcel"/>
  <testcase name="f" time="11.334" classname="createworkbook.MercuryLoginExcel"/>
</testsuite> <!-- createworkbook.MercuryLoginExcel -->
