<?xml version="1.0" encoding="UTF-8"?>
<!-- Generated by org.testng.reporters.JUnitReportReporter -->
<testsuite name="demowebDriver.DemoDragAndDrop" tests="1" time="3.186" ignored="0" failures="0" timestamp="24 Sep 2019 05:04:53 GMT" skipped="0" hostname="P3A-HR4WXJ2" errors="0">
  <testcase name="f" time="3.186" classname="demowebDriver.DemoDragAndDrop"/>
</testsuite> <!-- demowebDriver.DemoDragAndDrop -->
