<?xml version="1.0" encoding="UTF-8"?>
<!-- Generated by org.testng.reporters.JUnitReportReporter -->
<testsuite name="demowebDriver.DemoRegistration" tests="1" time="40.511" ignored="0" failures="0" timestamp="23 Sep 2019 07:15:13 GMT" skipped="0" hostname="P3A-HR4WXJ2" errors="0">
  <testcase name="f" time="40.511" classname="demowebDriver.DemoRegistration"/>
</testsuite> <!-- demowebDriver.DemoRegistration -->
